#-----------------------------------------------------------
# Vivado v2018.2 (64-bit)
# SW Build 2258646 on Thu Jun 14 20:03:12 MDT 2018
# IP Build 2256618 on Thu Jun 14 22:10:49 MDT 2018
# Start of session at: Mon Mar 27 18:01:19 2023
# Process ID: 10768
# Current directory: C:/Users/jared/Desktop/EE2026_proj/Project/MouseAudioDisplay.xpr/MouseAudioDisplay
# Command line: vivado.exe -gui_launcher_event rodinguilauncherevent24516 C:\Users\jared\Desktop\EE2026_proj\Project\MouseAudioDisplay.xpr\MouseAudioDisplay\MouseAudioDisplay.xpr
# Log file: C:/Users/jared/Desktop/EE2026_proj/Project/MouseAudioDisplay.xpr/MouseAudioDisplay/vivado.log
# Journal file: C:/Users/jared/Desktop/EE2026_proj/Project/MouseAudioDisplay.xpr/MouseAudioDisplay\vivado.jou
#-----------------------------------------------------------
start_gui
open_project C:/Users/jared/Desktop/EE2026_proj/Project/MouseAudioDisplay.xpr/MouseAudioDisplay/MouseAudioDisplay.xpr
INFO: [ProjectBase 1-489] The host OS only allows 260 characters in a normal path. The project is stored in a path with more than 80 characters. If you experience issues with IP, Block Designs, or files not being found, please consider moving the project to a location with a shorter path. Alternately consider using the OS subst command to map part of the path to a drive letter.
Current project path is 'C:/Users/jared/Desktop/EE2026_proj/Project/MouseAudioDisplay.xpr/MouseAudioDisplay'
Scanning sources...
Finished scanning sources
INFO: [IP_Flow 19-234] Refreshing IP repositories
INFO: [IP_Flow 19-1704] No user IP repositories specified
INFO: [IP_Flow 19-2313] Loaded Vivado IP repository 'C:/Xilinx/Vivado/2018.2/data/ip'.
update_compile_order -fileset sources_1
launch_runs impl_1 -to_step write_bitstream -jobs 4
[Mon Mar 27 18:01:38 2023] Launched synth_1...
Run output will be captured here: C:/Users/jared/Desktop/EE2026_proj/Project/MouseAudioDisplay.xpr/MouseAudioDisplay/MouseAudioDisplay.runs/synth_1/runme.log
[Mon Mar 27 18:01:39 2023] Launched impl_1...
Run output will be captured here: C:/Users/jared/Desktop/EE2026_proj/Project/MouseAudioDisplay.xpr/MouseAudioDisplay/MouseAudioDisplay.runs/impl_1/runme.log
reset_run synth_1
WARNING: [Vivado 12-1017] Problems encountered:
1. PID not specified

launch_runs impl_1 -to_step write_bitstream -jobs 4
[Mon Mar 27 18:02:35 2023] Launched synth_1...
Run output will be captured here: C:/Users/jared/Desktop/EE2026_proj/Project/MouseAudioDisplay.xpr/MouseAudioDisplay/MouseAudioDisplay.runs/synth_1/runme.log
[Mon Mar 27 18:02:35 2023] Launched impl_1...
Run output will be captured here: C:/Users/jared/Desktop/EE2026_proj/Project/MouseAudioDisplay.xpr/MouseAudioDisplay/MouseAudioDisplay.runs/impl_1/runme.log
reset_run synth_1
WARNING: [Vivado 12-1017] Problems encountered:
1. PID not specified

exit
INFO: [Common 17-206] Exiting Vivado at Mon Mar 27 18:09:41 2023...
